============================ 15 failed, 698 passed, 4 skipped, 10 warnings, 9 errors in 18.21s ============================ 
FAILED tests/integration/test_cockpit_integration.py::test_simulation_processes_pause_resume - TypeError: CommandService.__init__() missing 3 required positional arguments: 'registry', 'settlement_system', and 'age...
FAILED tests/integration/test_cockpit_integration.py::test_simulation_processes_set_base_rate - TypeError: CommandService.__init__() missing 3 required positional arguments: 'registry', 'settlement_system', and 'age...
FAILED tests/integration/test_cockpit_integration.py::test_simulation_processes_set_tax_rate - TypeError: CommandService.__init__() missing 3 required positional arguments: 'registry', 'settlement_system', and 'age...
FAILED tests/integration/test_fiscal_policy.py::test_debt_ceiling_enforcement - assert 0 == 500.0
FAILED tests/integration/test_server_integration.py::test_command_injection - Failed: async def functions are not natively supported.
FAILED tests/integration/test_server_integration.py::test_telemetry_broadcast - Failed: async def functions are not natively supported.
FAILED tests/integration/test_wo058_production.py::test_bootstrapper_injection - TypeError: CommandService.__init__() missing 3 required positional arguments: 'registry', 'settlement_system', and 'age...
FAILED tests/integration/test_wo058_production.py::test_production_kickstart - TypeError: CommandService.__init__() missing 3 required positional arguments: 'registry', 'settlement_system', and 'age...
FAILED tests/system/test_phase29_depression.py::TestPhase29Depression::test_crisis_monitor_logging - TypeError: CommandService.__init__() missing 3 required positional arguments: 'registry', 'settlement_system', and 'age...
FAILED tests/system/test_phase29_depression.py::TestPhase29Depression::test_depression_scenario_triggers - TypeError: CommandService.__init__() missing 3 required positional arguments: 'registry', 'settlement_system', and 'age...
FAILED tests/unit/simulation/orchestration/phases/test_intercept.py::test_execute_commands_audit_pass - TypeError: GodCommandDTO.__init__() got an unexpected keyword argument 'target_agent_id'
FAILED tests/unit/simulation/orchestration/phases/test_intercept.py::test_execute_commands_audit_fail_rollback - TypeError: GodCommandDTO.__init__() got an unexpected keyword argument 'target_agent_id'
FAILED tests/unit/test_god_command_protocol.py::test_set_param_success - AssertionError: assert 1 == 0
FAILED tests/unit/test_tax_incidence.py::TestTaxIncidence::test_firm_payer_scenario - TypeError: CommandService.__init__() missing 3 required positional arguments: 'registry', 'settlement_system', and 'age...
FAILED tests/unit/test_tax_incidence.py::TestTaxIncidence::test_household_payer_scenario - TypeError: CommandService.__init__() missing 3 required positional arguments: 'registry', 'settlement_system', and 'age...
ERROR tests/system/test_engine.py::TestSimulation::test_simulation_initialization - TypeError: CommandService.__init__() missing 3 required positional arguments: 'registry', 'settlement_system', and 'age...
_____________________________ ERROR at setup of TestSimulation.test_simulation_initialization _____________________________ 
E   TypeError: CommandService.__init__() missing 3 required positional arguments: 'registry', 'settlement_system', and 'agent_registry'
_____________________________ ERROR at setup of TestSimulation.test_prepare_market_data_basic _____________________________
E   TypeError: CommandService.__init__() missing 3 required positional arguments: 'registry', 'settlement_system', and 'agent_registry'
... (and many more similar errors)
C:\coding\economics\simulation\engine.py:49: TypeError: CommandService.__init__() missing 3 required positional arguments: 'registry', 'settlement_system', and 'agent_registry'
C:\coding\economics\tests\unit\simulation\orchestration\phases\test_intercept.py:35: TypeError: GodCommandDTO.__init__() got an unexpected keyword argument 'target_agent_id'
C:\coding\economics\tests\integration\test_server_integration.py:39: PytestUnknownMarkWarning: Unknown pytest.mark.asyncio - is this a typo?
