utils\logger.py:60: note: By default the bodies of untyped functions are not checked, consider using --check-untyped-defs  [annotation-unchecked]
utils\logger.py:78: note: By default the bodies of untyped functions are not checked, consider using --check-untyped-defs  [annotation-unchecked]
utils\logger.py:83: note: By default the bodies of untyped functions are not checked, consider using --check-untyped-defs  [annotation-unchecked]
utils\logger.py:84: note: By default the bodies of untyped functions are not checked, consider using --check-untyped-defs  [annotation-unchecked]
simulation\ai\q_table_manager.py:17: note: By default the bodies of untyped functions are not checked, consider using --check-untyped-defs  [annotation-unchecked]
simulation\decisions\rule_based_household_engine.py:95: error: "Household" has no attribute "get_desired_wage"  [attr-defined]
simulation\decisions\ai_driven_household_engine.py:58: error: Name "market_data" is not defined  [name-defined]
simulation\decisions\ai_driven_household_engine.py:71: error: Name "market_data" is not defined  [name-defined]
simulation\decisions\ai_driven_household_engine.py:119: error: Name "market_data" is not defined  [name-defined]
simulation\db\repository.py:569: error: Argument 1 to "save_market_history" of "SimulationRepository" has incompatible type "dict[str, object]"; expected "MarketHistoryData"  [arg-type]
simulation\decisions\standalone_rule_based_firm_engine.py:38: error: Name "DecisionContext" is not defined  [name-defined]
app.py:122: error: Name "BaseDecisionEngine" is not defined  [name-defined]
app.py:172: error: Name "BaseDecisionEngine" is not defined  [name-defined]
app.py:330: error: Incompatible return value type (got "tuple[Response, int]", expected "Response")  [return-value]
app.py:344: error: Incompatible return value type (got "tuple[Any, int]", expected "Response")  [return-value]
app.py:382: error: Incompatible return value type (got "tuple[Any, int]", expected "Response")  [return-value]
tests\test_decision_engine_integration.py:188: error: "Callable[[dict[str, Market], list[dict[str, Any]], dict[str, Any], int], tuple[list[Order], tuple[Tactic, Aggressiveness]]]" has no attribute "return_value"  [attr-defined]
tests\test_decision_engine_integration.py:226: error: "Callable[[dict[str, Market], list[dict[str, Any]], dict[str, Any], int], tuple[list[Order], tuple[Tactic, Aggressiveness]]]" has no attribute "return_value"  [attr-defined]
Found 13 errors in 6 files (checked 82 source files)
