========================================================= short test summary info ========================================================= 
FAILED tests/integration/scenarios/diagnosis/test_indicator_pipeline.py::test_indicator_aggregation - AttributeError: 'EconStateDTO' object has no attribute 'labor_income_this_tick'. Did you mean: 'labor_income_this_tick_pennies'?
FAILED tests/integration/scenarios/test_stress_scenarios.py::TestPhase28StressScenarios::test_panic_selling_order_generation - TypeError: Wallet add: Amount must be int, got <class 'float'>
FAILED tests/integration/test_fiscal_integrity.py::test_infrastructure_investment_generates_transactions_and_issues_bonds - assert 1000 == 5000.0
FAILED tests/integration/test_phase20_scaffolding.py::TestPhase20Scaffolding::test_gender_distribution - TypeError: Wallet add: Amount must be int, got <class 'float'>
FAILED tests/integration/test_phase20_scaffolding.py::TestPhase20Scaffolding::test_household_attributes_initialization - TypeError: Wallet add: Amount must be int, got <class 'float'>
FAILED tests/integration/test_portfolio_integration.py::TestPortfolioIntegration::test_bank_deposit_balance - AttributeError: 'Bank' object has no attribute 'get_deposit_balance'. Did you mean: 'get_customer_balance'?
FAILED tests/integration/test_td194_integration.py::TestTD194Integration::test_household_make_decision_integrity - TypeError: Wallet add: Amount must be int, got <class 'float'>
FAILED tests/integration/test_td194_integration.py::TestTD194Integration::test_firm_make_decision_integrity - TypeError: Wallet add: Amount must be int, got <class 'float'>
FAILED tests/integration/test_wo058_production.py::test_production_kickstart - AttributeError: 'EconStateDTO' object has no attribute 'labor_income_this_tick'. Did you mean: 'labor_income_this_tick_pennies'?
FAILED tests/modules/government/test_government_integration.py::test_execute_social_policy_tax_and_welfare - assert False
FAILED tests/modules/government/test_tax_service.py::test_collect_wealth_tax - AssertionError: assert 0 == 1
FAILED tests/modules/household/engines/test_budget.py::test_allocate_budget_creates_orders_for_needs - AttributeError: Mock object has no attribute 'shadow_reservation_wage_pennies'. Did you mean: 'shadow_reservation_wage'?
FAILED tests/simulation/test_firm_refactor.py::test_command_bus_internal_orders_delegation - KeyError: 'amount_pennies'
FAILED tests/system/test_audit_integrity.py::TestEconomicIntegrityAudit::test_birth_gift_rounding - AssertionError: No transfer call detected
FAILED tests/unit/agents/test_government.py::test_deficit_spending_allowed_within_limit - TypeError: Wallet add: Amount must be int, got <class 'float'>
FAILED tests/unit/components/test_engines.py::TestSalesEngine::test_generate_marketing_transaction - assert None is not None
FAILED tests/unit/decisions/test_household_engine_refactor.py::test_engine_execution_parity_smoke - TypeError: '>' not supported between instances of 'float' and 'MagicMock'
FAILED tests/unit/household/test_snapshot_assembler.py::TestHouseholdSnapshotAssembler::test_assemble_snapshot_copies_state - TypeError: HouseholdSnapshotDTO.__init__() got an unexpected keyword argument 'monthly_income'
FAILED tests/unit/household/test_snapshot_assembler.py::TestHouseholdSnapshotAssembler::test_assemble_nested_structures - TypeError: HouseholdSnapshotDTO.__init__() got an unexpected keyword argument 'monthly_income'
FAILED tests/unit/test_household_ai.py::test_ai_evaluates_consumption_options - AssertionError: Expected luxury_food purchase order
FAILED tests/unit/test_tax_collection.py::test_atomic_wealth_tax_collection_success - assert 2000.0 == (2000.0 - 0.2)
FAILED tests/unit/test_tax_collection.py::test_government_collect_tax_adapter_success - TypeError: Wallet add: Amount must be int, got <class 'float'>
FAILED tests/unit/test_tax_incidence.py::TestTaxIncidence::test_firm_payer_scenario - TypeError: Wallet add: Amount must be int, got <class 'float'>
FAILED tests/unit/test_tax_incidence.py::TestTaxIncidence::test_household_payer_scenario - TypeError: Wallet add: Amount must be int, got <class 'float'>
==================================== 24 failed, 614 passed, 4 skipped, 1 xfailed, 6 warnings in 7.20s =====================================
