utils\logger.py:60: note: By default the bodies of untyped functions are not checked, consider using --check-untyped-defs  [annotation-unchecked]
utils\logger.py:78: note: By default the bodies of untyped functions are not checked, consider using --check-untyped-defs  [annotation-unchecked]
utils\logger.py:83: note: By default the bodies of untyped functions are not checked, consider using --check-untyped-defs  [annotation-unchecked]
utils\logger.py:84: note: By default the bodies of untyped functions are not checked, consider using --check-untyped-defs  [annotation-unchecked]
simulation\ai\q_table_manager.py:17: note: By default the bodies of untyped functions are not checked, consider using --check-untyped-defs  [annotation-unchecked]
simulation\decisions\rule_based_household_engine.py:47: error: "type[Tactic]" has no attribute "NO_ACTION"  [attr-defined]
simulation\decisions\rule_based_household_engine.py:48: error: "type[Aggressiveness]" has no attribute "NEUTRAL"  [attr-defined]
simulation\decisions\rule_based_household_engine.py:52: error: Item "None" of "Any | None" has no attribute "needs"  [union-attr]
simulation\decisions\rule_based_household_engine.py:55: error: Item "None" of "Any | None" has no attribute "inventory"  [union-attr]
simulation\decisions\rule_based_household_engine.py:66: error: Item "None" of "Any | None" has no attribute "assets"  [union-attr]
simulation\decisions\rule_based_household_engine.py:72: error: Item "None" of "Any | None" has no attribute "id"  [union-attr]
simulation\decisions\rule_based_household_engine.py:81: error: Item "None" of "Any | None" has no attribute "id"  [union-attr]
simulation\decisions\rule_based_household_engine.py:82: error: Item "None" of "Any | None" has no attribute "id"  [union-attr]
simulation\decisions\rule_based_household_engine.py:86: error: Item "None" of "Any | None" has no attribute "is_employed"  [union-attr]
simulation\decisions\rule_based_household_engine.py:86: error: Item "None" of "Any | None" has no attribute "assets"  [union-attr]
simulation\decisions\rule_based_household_engine.py:88: error: "type[Tactic]" has no attribute "NO_ACTION"  [attr-defined]
simulation\decisions\rule_based_household_engine.py:90: error: "type[Aggressiveness]" has no attribute "NEUTRAL"  [attr-defined]
simulation\decisions\rule_based_household_engine.py:92: error: Item "None" of "Any | None" has no attribute "get_desired_wage"  [union-attr]
simulation\decisions\rule_based_household_engine.py:95: error: Item "None" of "Any | None" has no attribute "id"  [union-attr]
simulation\decisions\rule_based_household_engine.py:104: error: Item "None" of "Any | None" has no attribute "id"  [union-attr]
simulation\decisions\rule_based_household_engine.py:105: error: Item "None" of "Any | None" has no attribute "id"  [union-attr]
simulation\decisions\ai_driven_household_engine.py:48: error: Item "None" of "Any | None" has no attribute "get_agent_data"  [union-attr]
simulation\decisions\ai_driven_household_engine.py:74: error: Item "None" of "Any | None" has no attribute "needs"  [union-attr]
simulation\decisions\ai_driven_household_engine.py:97: error: Item "None" of "Any | None" has no attribute "assets"  [union-attr]
simulation\decisions\ai_driven_household_engine.py:99: error: Item "None" of "Any | None" has no attribute "assets"  [union-attr]
simulation\decisions\ai_driven_household_engine.py:111: error: Item "None" of "Any | None" has no attribute "id"  [union-attr]
simulation\decisions\ai_driven_household_engine.py:120: error: Item "None" of "Any | None" has no attribute "is_employed"  [union-attr]
simulation\decisions\ai_driven_household_engine.py:128: error: Item "None" of "Any | None" has no attribute "current_wage"  [union-attr]
simulation\decisions\ai_driven_household_engine.py:129: error: Item "None" of "Any | None" has no attribute "current_wage"  [union-attr]
simulation\decisions\ai_driven_household_engine.py:134: error: Item "None" of "Any | None" has no attribute "quit"  [union-attr]
simulation\decisions\ai_driven_household_engine.py:137: error: Item "None" of "Any | None" has no attribute "is_employed"  [union-attr]
simulation\decisions\ai_driven_household_engine.py:144: error: Item "None" of "Any | None" has no attribute "id"  [union-attr]
simulation\db\repository.py:523: error: Too many arguments for "save_transaction" of "SimulationRepository"  [call-arg]
simulation\db\repository.py:524: error: Argument 1 to "save_transaction" of "SimulationRepository" has incompatible type "int"; expected "TransactionData"  [arg-type]
simulation\db\repository.py:536: error: Too many arguments for "save_agent_state" of "SimulationRepository"  [call-arg]
simulation\db\repository.py:537: error: Argument 1 to "save_agent_state" of "SimulationRepository" has incompatible type "int"; expected "AgentStateData"  [arg-type]
simulation\db\repository.py:553: error: Too many arguments for "save_economic_indicator" of "SimulationRepository"  [call-arg]
simulation\db\repository.py:554: error: Argument 1 to "save_economic_indicator" of "SimulationRepository" has incompatible type "int"; expected "EconomicIndicatorData"  [arg-type]
simulation\db\repository.py:569: error: Argument 1 to "save_market_history" of "SimulationRepository" has incompatible type "dict[str, object]"; expected "MarketHistoryData"  [arg-type]
simulation\engine.py:297: error: "Firm" has no attribute "pre_state_snapshot"  [attr-defined]
simulation\engine.py:299: error: "Household" has no attribute "pre_state_snapshot"  [attr-defined]
simulation\engine.py:517: error: Incompatible types in assignment (expression has type "dict[str, Any]", target has type "float")  [assignment]
simulation\decisions\standalone_rule_based_firm_engine.py:36: error: Signature of "make_decisions" incompatible with supertype "simulation.decisions.base_decision_engine.BaseDecisionEngine"  [override]
simulation\decisions\standalone_rule_based_firm_engine.py:36: note:      Superclass:
simulation\decisions\standalone_rule_based_firm_engine.py:36: note:          def make_decisions(self, context: DecisionContext) -> tuple[list[Order], Any]
simulation\decisions\standalone_rule_based_firm_engine.py:36: note:      Subclass:
simulation\decisions\standalone_rule_based_firm_engine.py:36: note:          def make_decisions(self, firm: Firm, markets: dict[str, Any], goods_data: list[dict[str, Any]], market_data: dict[str, Any], current_time: int) -> tuple[list[Order], tuple[Tactic, Aggressiveness]]
simulation\decisions\standalone_rule_based_firm_engine.py:49: error: "type[Tactic]" has no attribute "NO_ACTION"  [attr-defined]
simulation\decisions\standalone_rule_based_firm_engine.py:50: error: "type[Aggressiveness]" has no attribute "NEUTRAL"  [attr-defined]
simulation\decisions\standalone_rule_based_firm_engine.py:104: error: "type[Tactic]" has no attribute "NO_ACTION"  [attr-defined]
app.py:130: error: Incompatible types in assignment (expression has type "RuleBasedHouseholdDecisionEngine", variable has type "AIDrivenHouseholdDecisionEngine | None")  [assignment]
app.py:161: error: Argument "decision_engine" to "Household" has incompatible type "AIDrivenHouseholdDecisionEngine | None"; expected "BaseDecisionEngine"  [arg-type]
app.py:180: error: Incompatible types in assignment (expression has type "StandaloneRuleBasedFirmDecisionEngine", variable has type "AIDrivenFirmDecisionEngine | None")  [assignment]
app.py:194: error: Argument "decision_engine" to "Firm" has incompatible type "AIDrivenFirmDecisionEngine | None"; expected "BaseDecisionEngine"  [arg-type]
app.py:330: error: Incompatible return value type (got "tuple[Any, int]", expected "Response")  [return-value]
app.py:344: error: Incompatible return value type (got "tuple[Any, int]", expected "Response")  [return-value]
app.py:382: error: Incompatible return value type (got "tuple[Any, int]", expected "Response")  [return-value]
tests\test_decision_engine_integration.py:153: error: "Callable[[dict[str, Any], list[dict[str, Any]], dict[str, Any], int], tuple[list[Order], Any]]" has no attribute "return_value"  [attr-defined]
tests\test_decision_engine_integration.py:188: error: "Callable[[dict[str, Market], list[dict[str, Any]], dict[str, Any], int], tuple[list[Order], tuple[Tactic, Aggressiveness]]]" has no attribute "return_value"  [attr-defined]
tests\test_decision_engine_integration.py:226: error: "Callable[[dict[str, Market], list[dict[str, Any]], dict[str, Any], int], tuple[list[Order], tuple[Tactic, Aggressiveness]]]" has no attribute "return_value"  [attr-defined]
tests\test_decision_engine_integration.py:259: error: "Callable[[dict[str, Any], list[dict[str, Any]], dict[str, Any], int], tuple[list[Order], Any]]" has no attribute "return_value"  [attr-defined]
Found 52 errors in 7 files (checked 82 source files)
